{
  "uid" : "ab90676a843eb994",
  "name" : "test_navigate_to_login_004",
  "fullName" : "test_conduit.test_vizsgaremek.TestConduitApp#test_navigate_to_login_004",
  "historyId" : "a0cfa883787af2347ee47a4f23cf04ae",
  "time" : {
    "start" : 1628177613853,
    "stop" : 1628177616193,
    "duration" : 2340
  },
  "status" : "failed",
  "statusMessage" : "AssertionError: assert 'GarFelhasznalo1' == 'GarFelhasznalo1@gmail.com'\n  - GarFelhasznalo1@gmail.com\n  ?                ----------\n  + GarFelhasznalo1",
  "statusTrace" : "self = <test_vizsgaremek.TestConduitApp object at 0x7fbdfaa69850>\n\n    def test_navigate_to_login_004(self):\n        conduit_cookie(self.browser)\n        nav_bar_list = self.browser.find_elements_by_css_selector(\"li.nav-item\")\n        logined_name = nav_bar_list[1].text\n        # print(logined_name)\n        assert logined_name == \"Sign in\"\n        self.browser.find_elements_by_css_selector(\"li.nav-item\")[1].click()\n        self.browser.find_element_by_css_selector(\"input[placeholder='Email']\").send_keys(\"GarFelhasznalo1@gmail.com\")\n        self.browser.find_element_by_css_selector('input[placeholder=\"Password\"]').send_keys(password)\n        # time.sleep(3)\n        # self.browser.find_element_by_css_selector('.btn.btn-lg.btn-primary.pull-xs-right').click()\n        sign_in_button = find_element(self.browser, By.CSS_SELECTOR, '.btn.btn-lg.btn-primary.pull-xs-right')\n        sign_in_button.click()\n        time.sleep(2)\n        nav_link_list = self.browser.find_elements_by_class_name('nav-link')\n        # nav_link_list = find_element(self.browser, By.CSS_SELECTOR, 'nav-link')\n        signed_in_name = nav_link_list[3].text\n        # print(signed_in_name)\n>       assert signed_in_name == \"GarFelhasznalo1@gmail.com\"\nE       AssertionError: assert 'GarFelhasznalo1' == 'GarFelhasznalo1@gmail.com'\nE         - GarFelhasznalo1@gmail.com\nE         ?                ----------\nE         + GarFelhasznalo1\n\ntest_conduit/test_vizsgaremek.py:167: AssertionError",
  "flaky" : false,
  "newFailed" : false,
  "beforeStages" : [ ],
  "testStage" : {
    "status" : "failed",
    "statusMessage" : "AssertionError: assert 'GarFelhasznalo1' == 'GarFelhasznalo1@gmail.com'\n  - GarFelhasznalo1@gmail.com\n  ?                ----------\n  + GarFelhasznalo1",
    "statusTrace" : "self = <test_vizsgaremek.TestConduitApp object at 0x7fbdfaa69850>\n\n    def test_navigate_to_login_004(self):\n        conduit_cookie(self.browser)\n        nav_bar_list = self.browser.find_elements_by_css_selector(\"li.nav-item\")\n        logined_name = nav_bar_list[1].text\n        # print(logined_name)\n        assert logined_name == \"Sign in\"\n        self.browser.find_elements_by_css_selector(\"li.nav-item\")[1].click()\n        self.browser.find_element_by_css_selector(\"input[placeholder='Email']\").send_keys(\"GarFelhasznalo1@gmail.com\")\n        self.browser.find_element_by_css_selector('input[placeholder=\"Password\"]').send_keys(password)\n        # time.sleep(3)\n        # self.browser.find_element_by_css_selector('.btn.btn-lg.btn-primary.pull-xs-right').click()\n        sign_in_button = find_element(self.browser, By.CSS_SELECTOR, '.btn.btn-lg.btn-primary.pull-xs-right')\n        sign_in_button.click()\n        time.sleep(2)\n        nav_link_list = self.browser.find_elements_by_class_name('nav-link')\n        # nav_link_list = find_element(self.browser, By.CSS_SELECTOR, 'nav-link')\n        signed_in_name = nav_link_list[3].text\n        # print(signed_in_name)\n>       assert signed_in_name == \"GarFelhasznalo1@gmail.com\"\nE       AssertionError: assert 'GarFelhasznalo1' == 'GarFelhasznalo1@gmail.com'\nE         - GarFelhasznalo1@gmail.com\nE         ?                ----------\nE         + GarFelhasznalo1\n\ntest_conduit/test_vizsgaremek.py:167: AssertionError",
    "steps" : [ ],
    "attachments" : [ {
      "uid" : "803a2e6c338cda6e",
      "name" : "log",
      "source" : "803a2e6c338cda6e.txt",
      "type" : "text/plain",
      "size" : 344
    }, {
      "uid" : "8b9baf499ec11f16",
      "name" : "stderr",
      "source" : "8b9baf499ec11f16.txt",
      "type" : "text/plain",
      "size" : 215
    } ],
    "parameters" : [ ],
    "stepsCount" : 0,
    "attachmentsCount" : 2,
    "shouldDisplayMessage" : true,
    "hasContent" : true
  },
  "afterStages" : [ ],
  "labels" : [ {
    "name" : "parentSuite",
    "value" : "test_conduit"
  }, {
    "name" : "suite",
    "value" : "test_vizsgaremek"
  }, {
    "name" : "subSuite",
    "value" : "TestConduitApp"
  }, {
    "name" : "host",
    "value" : "fv-az42-510"
  }, {
    "name" : "thread",
    "value" : "3696-MainThread"
  }, {
    "name" : "framework",
    "value" : "pytest"
  }, {
    "name" : "language",
    "value" : "cpython3"
  }, {
    "name" : "package",
    "value" : "test_conduit.test_vizsgaremek"
  }, {
    "name" : "resultFormat",
    "value" : "allure2"
  } ],
  "parameters" : [ ],
  "links" : [ ],
  "hidden" : false,
  "retry" : false,
  "extra" : {
    "severity" : "normal",
    "retries" : [ ],
    "categories" : [ {
      "name" : "Product defects",
      "matchedStatuses" : [ ],
      "flaky" : false
    } ],
    "tags" : [ ]
  },
  "source" : "ab90676a843eb994.json",
  "parameterValues" : [ ]
}